 b
./1.sh
./2
./22
./2_lnk
./2mb
./3
./_backup
./_link_files
./a
./a
./a b
./add_blank.sh
./add_blank_file
./arg.sh
./arg1.sh
./arg2.sh
./arg3.sh
./arg4.sh
./arg5.sh
./arg6.sh
./arg7.sh
./arg8.sh
./backspace.sh
./backup.sh
./builtin.sh
./case.sh
./cmd.sh
./cmp.sh
./cmp1.sh
./comma.sh
./common.sh
./common1.sh
./common2.sh
./data_noexist_link
./dead_links.sh
./declare.sh
./dest
./dir1
./dir2
./dir_rm
./dot.sh
./echo.sh
./echo1.sh
./empty_file
./export.sh
./file.sh
./for.sh
./for1.sh
./for2.sh
./for3.sh
./for4.sh
./func.sh
./func1.sh
./func2.sh
./gcd.sh
./get_arg.sh
./grep.sh
./grep_data1
./grep_data2
./hello
./hello.c
./hello.c.1.gz
./hello.sh
./hello.txt
./hello.zip
./hello1.c
./hello2.txt
./help.log
./iconv_log
./if.sh
./if1.sh
./if2.sh
./if3.sh
./if4.sh
./if5.sh
./ifs.sh
./ifs1.sh
./int.sh
./kill.sh
./l1
./let.sh
./let1.sh
./lineno.sh
./link_1sh
./link_link_1sh
./log
./log1
./lookup_word.sh
./mkdirs.sh
./modify_pic_name.sh
./modify_suffix
./modify_suffix.sh
./modify_suffix1.sh
./num.sh
./pic
./pic1
./pick_card.sh
./random.sh
./random1.sh
./random2.sh
./read.sh
./redirect.in
./redirect.sh
./root_uid.sh
./seconds.sh
./seconds1.sh
./sh_call_sh.sh
./shift.sh
./shlvl.sh
./src
./str.sh
./str1.sh
./str2.sh
./tar.dir
./tar.dir.tar
./tar.sh
./temp
./temp.mV8d1D
./temp.xxx
./temp1
./test
./test.1
./test.sh
./test1.sh
./test2.sh
./test3.sh
./test4.sh
./test5.sh
./tmout.sh
./tolinux.sh
./tomac.sh
./typescript
./var
./var.sh
./var1.sh
./var2.sh
./var2_data
./var3.sh
./var4.sh
./var5.sh
./var6.sh
./var7.sh
./var8.sh
./var9.sh
./var_ref.sh
./words
./xaa
./xichen
./xichen.g4K
./xichen.xxxx
./xx
./xxx
./xxxxxx
b
